

Microchip MPLAB XC8 Assembler V2.36 build 20220127204148 
                                                                                               Mon Apr 11 13:37:51 2022

Microchip MPLAB XC8 C Compiler v2.36 (Free license) build 20220127204148 Og1 
     1                           	processor	18F4620
     2                           	fnconf	rparam,??,?,0
     3                           	pagewidth 120
     4                           	opt	flic
     5                           	psect	cinit,global,reloc=2,class=CODE,delta=1
     6                           	psect	cstackCOMRAM,global,class=COMRAM,space=1,delta=1,lowdata,noexec
     7                           	psect	text0,global,reloc=2,class=CODE,delta=1
     8                           	psect	text1,global,reloc=2,class=CODE,delta=1
     9                           	psect	intsave_regs,global,class=BIGRAM,space=1,delta=1,noexec
    10                           	psect	rparam,global,class=COMRAM,space=1,delta=1,noexec
    11                           	psect	idloc,global,abs,ovrld,class=IDLOC,space=5,delta=1,noexec
    12                           	psect	config,global,abs,ovrld,class=CONFIG,space=4,delta=1,noexec
    13  0000                     
    14                           ; Version 2.40
    15                           ; Generated 17/11/2021 GMT
    16                           ; 
    17                           ; Copyright © 2021, Microchip Technology Inc. and its subsidiaries ("Microchip")
    18                           ; All rights reserved.
    19                           ; 
    20                           ; This software is developed by Microchip Technology Inc. and its subsidiaries ("Microch
      +                          ip").
    21                           ; 
    22                           ; Redistribution and use in source and binary forms, with or without modification, are
    23                           ; permitted provided that the following conditions are met:
    24                           ; 
    25                           ;     1. Redistributions of source code must retain the above copyright notice, this lis
      +                          t of
    26                           ;        conditions and the following disclaimer.
    27                           ; 
    28                           ;     2. Redistributions in binary form must reproduce the above copyright notice, this 
      +                          list
    29                           ;        of conditions and the following disclaimer in the documentation and/or other
    30                           ;        materials provided with the distribution. Publication is not required when
    31                           ;        this file is used in an embedded application.
    32                           ; 
    33                           ;     3. Microchip's name may not be used to endorse or promote products derived from th
      +                          is
    34                           ;        software without specific prior written permission.
    35                           ; 
    36                           ; THIS SOFTWARE IS PROVIDED BY MICROCHIP "AS IS" AND ANY EXPRESS OR IMPLIED WARRANTIES,
    37                           ; INCLUDING, BUT NOT LIMITED TO, THE IMPLIED WARRANTIES OF MERCHANTABILITY AND FITNESS F
      +                          OR
    38                           ; PURPOSE ARE DISCLAIMED.  IN NO EVENT SHALL MICROCHIP BE LIABLE FOR ANY DIRECT, INDIREC
      +                          T,
    39                           ; INCIDENTAL, SPECIAL, EXEMPLARY, OR CONSEQUENTIAL DAMAGES (INCLUDING BUT NOT LIMITED TO
    40                           ; PROCUREMENT OF SUBSTITUTE GOODS OR SERVICES; LOSS OF USE, DATA OR PROFITS; OR BUSINESS
    41                           ; INTERRUPTION) HOWSOEVER CAUSED AND ON ANY THEORY OF LIABILITY, WHETHER IN CONTRACT, ST
      +                          RICT
    42                           ; LIABILITY, OR TORT (INCLUDING NEGLIGENCE OR OTHERWISE) ARISING IN ANY WAY OUT OF THE U
      +                          SE OF
    43                           ; THIS SOFTWARE, EVEN IF ADVISED OF THE POSSIBILITY OF SUCH DAMAGE.
    44                           ; 
    45                           ; 
    46                           ; Code-generator required, PIC18F4620 Definitions
    47                           ; 
    48                           ; SFR Addresses
    49  0000                     _PORTBbits	set	3969
    50  0000                     _PORTB	set	3969
    51  0000                     _TRISA	set	3986
    52  0000                     _ADCON1	set	4033
    53  0000                     _TRISE	set	3990
    54  0000                     _TRISD	set	3989
    55  0000                     _TRISC	set	3988
    56  0000                     _TRISB	set	3987
    57  0000                     _PORTD	set	3971
    58                           
    59                           ; #config settings
    60                           
    61                           	psect	cinit
    62  00FF0E                     __pcinit:
    63                           	callstack 0
    64  00FF0E                     start_initialization:
    65                           	callstack 0
    66  00FF0E                     __initialization:
    67                           	callstack 0
    68  00FF0E                     end_of_initialization:
    69                           	callstack 0
    70  00FF0E                     __end_of__initialization:
    71                           	callstack 0
    72  00FF0E  0100               	movlb	0
    73  00FF10  EFAE  F07F         	goto	_main	;jump to C main() function
    74                           
    75                           	psect	cstackCOMRAM
    76  000001                     __pcstackCOMRAM:
    77                           	callstack 0
    78  000001                     delay@ms:
    79                           	callstack 0
    80                           
    81                           ; 2 bytes @ 0x0
    82  000001                     	ds	2
    83  000003                     delay@i:
    84                           	callstack 0
    85                           
    86                           ; 2 bytes @ 0x2
    87  000003                     	ds	2
    88  000005                     delay@j:
    89                           	callstack 0
    90                           
    91                           ; 1 bytes @ 0x4
    92  000005                     	ds	1
    93  000006                     main@i:
    94                           	callstack 0
    95                           
    96                           ; 2 bytes @ 0x5
    97  000006                     	ds	2
    98  000008                     main@display:
    99                           	callstack 0
   100                           
   101                           ; 1 bytes @ 0x7
   102  000008                     	ds	1
   103                           
   104 ;;
   105 ;;Main: autosize = 0, tempsize = 0, incstack = 0, save=0
   106 ;;
   107 ;; *************** function _main *****************
   108 ;; Defined at:
   109 ;;		line 77 in file "main.c"
   110 ;; Parameters:    Size  Location     Type
   111 ;;		None
   112 ;; Auto vars:     Size  Location     Type
   113 ;;  i               2    5[COMRAM] unsigned int 
   114 ;;  display         1    7[COMRAM] unsigned char 
   115 ;; Return value:  Size  Location     Type
   116 ;;                  1    wreg      void 
   117 ;; Registers used:
   118 ;;		wreg, status,2, status,0, cstack
   119 ;; Tracked objects:
   120 ;;		On entry : 0/0
   121 ;;		On exit  : 0/0
   122 ;;		Unchanged: 0/0
   123 ;; Data sizes:     COMRAM   BANK0   BANK1   BANK2   BANK3   BANK4   BANK5   BANK6   BANK7   BANK8   BANK9  BANK10  BANK1
      +1  BANK12  BANK13  BANK14  BANK15
   124 ;;      Params:         0       0       0       0       0       0       0       0       0       0       0       0       
      +0       0       0       0       0
   125 ;;      Locals:         3       0       0       0       0       0       0       0       0       0       0       0       
      +0       0       0       0       0
   126 ;;      Temps:          0       0       0       0       0       0       0       0       0       0       0       0       
      +0       0       0       0       0
   127 ;;      Totals:         3       0       0       0       0       0       0       0       0       0       0       0       
      +0       0       0       0       0
   128 ;;Total ram usage:        3 bytes
   129 ;; Hardware stack levels required when called: 1
   130 ;; This function calls:
   131 ;;		_delay
   132 ;; This function is called by:
   133 ;;		Startup code after reset
   134 ;; This function uses a non-reentrant model
   135 ;;
   136                           
   137                           	psect	text0
   138  00FF5C                     __ptext0:
   139                           	callstack 0
   140  00FF5C                     _main:
   141                           	callstack 30
   142  00FF5C                     
   143                           ;main.c: 79:     ADCON1=0x0F;
   144  00FF5C  0E0F               	movlw	15
   145  00FF5E  6EC1               	movwf	193,c	;volatile
   146                           
   147                           ;main.c: 81:     TRISA=0xC3;
   148  00FF60  0EC3               	movlw	195
   149  00FF62  6E92               	movwf	146,c	;volatile
   150                           
   151                           ;main.c: 82:     TRISB=0x3F;
   152  00FF64  0E3F               	movlw	63
   153  00FF66  6E93               	movwf	147,c	;volatile
   154                           
   155                           ;main.c: 83:     TRISC=0x01;
   156  00FF68  0E01               	movlw	1
   157  00FF6A  6E94               	movwf	148,c	;volatile
   158                           
   159                           ;main.c: 84:     TRISD=0x00;
   160  00FF6C  0E00               	movlw	0
   161  00FF6E  6E95               	movwf	149,c	;volatile
   162                           
   163                           ;main.c: 85:     TRISE=0x00;
   164  00FF70  0E00               	movlw	0
   165  00FF72  6E96               	movwf	150,c	;volatile
   166                           
   167                           ;main.c: 87:     PORTB = 0;
   168  00FF74  0E00               	movlw	0
   169  00FF76  6E81               	movwf	129,c	;volatile
   170                           
   171                           ;main.c: 89:     unsigned char display = 0;
   172  00FF78  0E00               	movlw	0
   173  00FF7A  6E08               	movwf	main@display^0,c
   174  00FF7C                     l777:
   175                           
   176                           ;main.c: 92:     {;main.c: 93:         PORTD = display;
   177  00FF7C  C008  FF83         	movff	main@display,3971	;volatile
   178  00FF80                     
   179                           ;main.c: 94:         delay(100);
   180  00FF80  0E00               	movlw	0
   181  00FF82  6E02               	movwf	(delay@ms+1)^0,c
   182  00FF84  0E64               	movlw	100
   183  00FF86  6E01               	movwf	delay@ms^0,c
   184  00FF88  EC8A  F07F         	call	_delay	;wreg free
   185  00FF8C                     
   186                           ;main.c: 97:         unsigned int i = 6000;
   187  00FF8C  0E17               	movlw	23
   188  00FF8E  6E07               	movwf	(main@i+1)^0,c
   189  00FF90  0E70               	movlw	112
   190  00FF92  6E06               	movwf	main@i^0,c
   191                           
   192                           ;main.c: 98:         while(PORTBbits.RB4 && PORTBbits.RB3 && i > 0)
   193  00FF94  EFCF  F07F         	goto	l785
   194  00FF98                     l783:
   195                           
   196                           ;main.c: 99:         {;main.c: 100:             i--;
   197  00FF98  0606               	decf	main@i^0,f,c
   198  00FF9A  A0D8               	btfss	status,0,c
   199  00FF9C  0607               	decf	(main@i+1)^0,f,c
   200  00FF9E                     l785:
   201                           
   202                           ;main.c: 98:         while(PORTBbits.RB4 && PORTBbits.RB3 && i > 0)
   203  00FF9E  A881               	btfss	129,4,c	;volatile
   204  00FFA0  EFD4  F07F         	goto	u101
   205  00FFA4  EFD6  F07F         	goto	u100
   206  00FFA8                     u101:
   207  00FFA8  EFE6  F07F         	goto	l38
   208  00FFAC                     u100:
   209  00FFAC  A681               	btfss	129,3,c	;volatile
   210  00FFAE  EFDB  F07F         	goto	u111
   211  00FFB2  EFDD  F07F         	goto	u110
   212  00FFB6                     u111:
   213  00FFB6  EFE6  F07F         	goto	l38
   214  00FFBA                     u110:
   215  00FFBA  5006               	movf	main@i^0,w,c
   216  00FFBC  1007               	iorwf	(main@i+1)^0,w,c
   217  00FFBE  A4D8               	btfss	status,2,c
   218  00FFC0  EFE4  F07F         	goto	u121
   219  00FFC4  EFE6  F07F         	goto	u120
   220  00FFC8                     u121:
   221  00FFC8  EFCC  F07F         	goto	l783
   222  00FFCC                     u120:
   223  00FFCC                     l38:
   224                           
   225                           ;main.c: 103:         if(PORTBbits.RB3 == 0)
   226  00FFCC  B681               	btfsc	129,3,c	;volatile
   227  00FFCE  EFEB  F07F         	goto	u131
   228  00FFD2  EFED  F07F         	goto	u130
   229  00FFD6                     u131:
   230  00FFD6  EFF0  F07F         	goto	l39
   231  00FFDA                     u130:
   232  00FFDA                     
   233                           ;main.c: 104:         {;main.c: 105:             display --;
   234  00FFDA  0608               	decf	main@display^0,f,c
   235                           
   236                           ;main.c: 106:         }
   237  00FFDC  EFBE  F07F         	goto	l777
   238  00FFE0                     l39:
   239  00FFE0  B881               	btfsc	129,4,c	;volatile
   240  00FFE2  EFF5  F07F         	goto	u141
   241  00FFE6  EFF7  F07F         	goto	u140
   242  00FFEA                     u141:
   243  00FFEA  EFFB  F07F         	goto	l795
   244  00FFEE                     u140:
   245  00FFEE                     
   246                           ;main.c: 108:         {;main.c: 109:             display = 0;
   247  00FFEE  0E00               	movlw	0
   248  00FFF0  6E08               	movwf	main@display^0,c
   249                           
   250                           ;main.c: 110:         }
   251  00FFF2  EFBE  F07F         	goto	l777
   252  00FFF6                     l795:
   253                           
   254                           ;main.c: 112:             display++;
   255  00FFF6  2A08               	incf	main@display^0,f,c
   256  00FFF8  EFBE  F07F         	goto	l777
   257  00FFFC  EF00  F000         	goto	start
   258  010000                     __end_of_main:
   259                           	callstack 0
   260                           
   261 ;; *************** function _delay *****************
   262 ;; Defined at:
   263 ;;		line 58 in file "main.c"
   264 ;; Parameters:    Size  Location     Type
   265 ;;  ms              2    0[COMRAM] unsigned int 
   266 ;; Auto vars:     Size  Location     Type
   267 ;;  i               2    2[COMRAM] unsigned int 
   268 ;;  j               1    4[COMRAM] unsigned char 
   269 ;; Return value:  Size  Location     Type
   270 ;;                  1    wreg      void 
   271 ;; Registers used:
   272 ;;		wreg, status,2, status,0
   273 ;; Tracked objects:
   274 ;;		On entry : 0/0
   275 ;;		On exit  : 0/0
   276 ;;		Unchanged: 0/0
   277 ;; Data sizes:     COMRAM   BANK0   BANK1   BANK2   BANK3   BANK4   BANK5   BANK6   BANK7   BANK8   BANK9  BANK10  BANK1
      +1  BANK12  BANK13  BANK14  BANK15
   278 ;;      Params:         2       0       0       0       0       0       0       0       0       0       0       0       
      +0       0       0       0       0
   279 ;;      Locals:         3       0       0       0       0       0       0       0       0       0       0       0       
      +0       0       0       0       0
   280 ;;      Temps:          0       0       0       0       0       0       0       0       0       0       0       0       
      +0       0       0       0       0
   281 ;;      Totals:         5       0       0       0       0       0       0       0       0       0       0       0       
      +0       0       0       0       0
   282 ;;Total ram usage:        5 bytes
   283 ;; Hardware stack levels used: 1
   284 ;; This function calls:
   285 ;;		Nothing
   286 ;; This function is called by:
   287 ;;		_main
   288 ;; This function uses a non-reentrant model
   289 ;;
   290                           
   291                           	psect	text1
   292  00FF14                     __ptext1:
   293                           	callstack 0
   294  00FF14                     _delay:
   295                           	callstack 30
   296  00FF14                     
   297                           ;main.c: 58: void delay(unsigned int ms);main.c: 59: {;main.c: 60:     unsigned int i;;m
      +                          ain.c: 61:     unsigned char j;;main.c: 63:  for (i =0; i< ms; i++)
   298  00FF14  0E00               	movlw	0
   299  00FF16  6E04               	movwf	(delay@i+1)^0,c
   300  00FF18  0E00               	movlw	0
   301  00FF1A  6E03               	movwf	delay@i^0,c
   302  00FF1C  EFA2  F07F         	goto	l773
   303  00FF20                     l761:
   304                           
   305                           ;main.c: 64:  {;main.c: 66:   for (j =0 ; j < 200; j++)
   306  00FF20  0E00               	movlw	0
   307  00FF22  6E05               	movwf	delay@j^0,c
   308  00FF24                     l25:
   309                           
   310                           ;main.c: 67:    {;main.c: 68:       __nop();
   311  00FF24  F000               	nop	
   312                           
   313                           ;main.c: 69:       __nop();
   314  00FF26  F000               	nop	
   315                           
   316                           ;main.c: 70:       __nop();
   317  00FF28  F000               	nop	
   318                           
   319                           ;main.c: 71:       __nop();
   320  00FF2A  F000               	nop	
   321                           
   322                           ;main.c: 72:       __nop();
   323  00FF2C  F000               	nop	
   324  00FF2E                     
   325                           ;main.c: 73:    }
   326  00FF2E  2A05               	incf	delay@j^0,f,c
   327  00FF30  0EC7               	movlw	199
   328  00FF32  6405               	cpfsgt	delay@j^0,c
   329  00FF34  EF9E  F07F         	goto	u81
   330  00FF38  EFA0  F07F         	goto	u80
   331  00FF3C                     u81:
   332  00FF3C  EF92  F07F         	goto	l25
   333  00FF40                     u80:
   334  00FF40                     
   335                           ;main.c: 74:  }
   336  00FF40  4A03               	infsnz	delay@i^0,f,c
   337  00FF42  2A04               	incf	(delay@i+1)^0,f,c
   338  00FF44                     l773:
   339  00FF44  5001               	movf	delay@ms^0,w,c
   340  00FF46  5C03               	subwf	delay@i^0,w,c
   341  00FF48  5002               	movf	(delay@ms+1)^0,w,c
   342  00FF4A  5804               	subwfb	(delay@i+1)^0,w,c
   343  00FF4C  A0D8               	btfss	status,0,c
   344  00FF4E  EFAB  F07F         	goto	u91
   345  00FF52  EFAD  F07F         	goto	u90
   346  00FF56                     u91:
   347  00FF56  EF90  F07F         	goto	l761
   348  00FF5A                     u90:
   349  00FF5A  0012               	return		;funcret
   350  00FF5C                     __end_of_delay:
   351                           	callstack 0
   352  0000                     
   353                           	psect	rparam
   354  0000                     
   355                           	psect	idloc
   356                           
   357                           ;Config register IDLOC0 @ 0x200000
   358                           ;	unspecified, using default values
   359  200000                     	org	2097152
   360  200000  FF                 	db	255
   361                           
   362                           ;Config register IDLOC1 @ 0x200001
   363                           ;	unspecified, using default values
   364  200001                     	org	2097153
   365  200001  FF                 	db	255
   366                           
   367                           ;Config register IDLOC2 @ 0x200002
   368                           ;	unspecified, using default values
   369  200002                     	org	2097154
   370  200002  FF                 	db	255
   371                           
   372                           ;Config register IDLOC3 @ 0x200003
   373                           ;	unspecified, using default values
   374  200003                     	org	2097155
   375  200003  FF                 	db	255
   376                           
   377                           ;Config register IDLOC4 @ 0x200004
   378                           ;	unspecified, using default values
   379  200004                     	org	2097156
   380  200004  FF                 	db	255
   381                           
   382                           ;Config register IDLOC5 @ 0x200005
   383                           ;	unspecified, using default values
   384  200005                     	org	2097157
   385  200005  FF                 	db	255
   386                           
   387                           ;Config register IDLOC6 @ 0x200006
   388                           ;	unspecified, using default values
   389  200006                     	org	2097158
   390  200006  FF                 	db	255
   391                           
   392                           ;Config register IDLOC7 @ 0x200007
   393                           ;	unspecified, using default values
   394  200007                     	org	2097159
   395  200007  FF                 	db	255
   396                           
   397                           	psect	config
   398                           
   399                           ; Padding undefined space
   400  300000                     	org	3145728
   401  300000  FF                 	db	255
   402                           
   403                           ;Config register CONFIG1H @ 0x300001
   404                           ;	Oscillator Selection bits
   405                           ;	OSC = HSPLL, HS oscillator, PLL enabled (Clock Frequency = 4 x FOSC1)
   406                           ;	Fail-Safe Clock Monitor Enable bit
   407                           ;	FCMEN = OFF, Fail-Safe Clock Monitor disabled
   408                           ;	Internal/External Oscillator Switchover bit
   409                           ;	IESO = OFF, Oscillator Switchover mode disabled
   410  300001                     	org	3145729
   411  300001  06                 	db	6
   412                           
   413                           ;Config register CONFIG2L @ 0x300002
   414                           ;	Power-up Timer Enable bit
   415                           ;	PWRT = ON, PWRT enabled
   416                           ;	Brown-out Reset Enable bits
   417                           ;	BOREN = OFF, Brown-out Reset disabled in hardware and software
   418                           ;	Brown Out Reset Voltage bits
   419                           ;	BORV = 3, Minimum setting
   420  300002                     	org	3145730
   421  300002  18                 	db	24
   422                           
   423                           ;Config register CONFIG2H @ 0x300003
   424                           ;	Watchdog Timer Enable bit
   425                           ;	WDT = OFF, WDT disabled (control is placed on the SWDTEN bit)
   426                           ;	Watchdog Timer Postscale Select bits
   427                           ;	WDTPS = 32768, 1:32768
   428  300003                     	org	3145731
   429  300003  1E                 	db	30
   430                           
   431                           ; Padding undefined space
   432  300004                     	org	3145732
   433  300004  FF                 	db	255
   434                           
   435                           ;Config register CONFIG3H @ 0x300005
   436                           ;	CCP2 MUX bit
   437                           ;	CCP2MX = PORTC, CCP2 input/output is multiplexed with RC1
   438                           ;	PORTB A/D Enable bit
   439                           ;	PBADEN = OFF, PORTB<4:0> pins are configured as digital I/O on Reset
   440                           ;	Low-Power Timer1 Oscillator Enable bit
   441                           ;	LPT1OSC = OFF, Timer1 configured for higher power operation
   442                           ;	MCLR Pin Enable bit
   443                           ;	MCLRE = ON, MCLR pin enabled; RE3 input pin disabled
   444  300005                     	org	3145733
   445  300005  81                 	db	129
   446                           
   447                           ;Config register CONFIG4L @ 0x300006
   448                           ;	Stack Full/Underflow Reset Enable bit
   449                           ;	STVREN = OFF, Stack full/underflow will not cause Reset
   450                           ;	Single-Supply ICSP Enable bit
   451                           ;	LVP = OFF, Single-Supply ICSP disabled
   452                           ;	Extended Instruction Set Enable bit
   453                           ;	XINST = OFF, Instruction set extension and Indexed Addressing mode disabled (Legacy mo
      +                          de)
   454                           ;	Background Debugger Enable bit
   455                           ;	DEBUG = 0x1, unprogrammed default
   456  300006                     	org	3145734
   457  300006  80                 	db	128
   458                           
   459                           ; Padding undefined space
   460  300007                     	org	3145735
   461  300007  FF                 	db	255
   462                           
   463                           ;Config register CONFIG5L @ 0x300008
   464                           ;	Code Protection bit
   465                           ;	CP0 = OFF, Block 0 (000800-003FFFh) not code-protected
   466                           ;	Code Protection bit
   467                           ;	CP1 = OFF, Block 1 (004000-007FFFh) not code-protected
   468                           ;	Code Protection bit
   469                           ;	CP2 = OFF, Block 2 (008000-00BFFFh) not code-protected
   470                           ;	Code Protection bit
   471                           ;	CP3 = OFF, Block 3 (00C000-00FFFFh) not code-protected
   472  300008                     	org	3145736
   473  300008  0F                 	db	15
   474                           
   475                           ;Config register CONFIG5H @ 0x300009
   476                           ;	Boot Block Code Protection bit
   477                           ;	CPB = OFF, Boot block (000000-0007FFh) not code-protected
   478                           ;	Data EEPROM Code Protection bit
   479                           ;	CPD = OFF, Data EEPROM not code-protected
   480  300009                     	org	3145737
   481  300009  C0                 	db	192
   482                           
   483                           ;Config register CONFIG6L @ 0x30000A
   484                           ;	Write Protection bit
   485                           ;	WRT0 = OFF, Block 0 (000800-003FFFh) not write-protected
   486                           ;	Write Protection bit
   487                           ;	WRT1 = OFF, Block 1 (004000-007FFFh) not write-protected
   488                           ;	Write Protection bit
   489                           ;	WRT2 = OFF, Block 2 (008000-00BFFFh) not write-protected
   490                           ;	Write Protection bit
   491                           ;	WRT3 = OFF, Block 3 (00C000-00FFFFh) not write-protected
   492  30000A                     	org	3145738
   493  30000A  0F                 	db	15
   494                           
   495                           ;Config register CONFIG6H @ 0x30000B
   496                           ;	Configuration Register Write Protection bit
   497                           ;	WRTC = OFF, Configuration registers (300000-3000FFh) not write-protected
   498                           ;	Boot Block Write Protection bit
   499                           ;	WRTB = OFF, Boot Block (000000-0007FFh) not write-protected
   500                           ;	Data EEPROM Write Protection bit
   501                           ;	WRTD = OFF, Data EEPROM not write-protected
   502  30000B                     	org	3145739
   503  30000B  E0                 	db	224
   504                           
   505                           ;Config register CONFIG7L @ 0x30000C
   506                           ;	Table Read Protection bit
   507                           ;	EBTR0 = OFF, Block 0 (000800-003FFFh) not protected from table reads executed in other
      +                           blocks
   508                           ;	Table Read Protection bit
   509                           ;	EBTR1 = OFF, Block 1 (004000-007FFFh) not protected from table reads executed in other
      +                           blocks
   510                           ;	Table Read Protection bit
   511                           ;	EBTR2 = OFF, Block 2 (008000-00BFFFh) not protected from table reads executed in other
      +                           blocks
   512                           ;	Table Read Protection bit
   513                           ;	EBTR3 = OFF, Block 3 (00C000-00FFFFh) not protected from table reads executed in other
      +                           blocks
   514  30000C                     	org	3145740
   515  30000C  0F                 	db	15
   516                           
   517                           ;Config register CONFIG7H @ 0x30000D
   518                           ;	Boot Block Table Read Protection bit
   519                           ;	EBTRB = OFF, Boot Block (000000-0007FFh) not protected from table reads executed in ot
      +                          her blocks
   520  30000D                     	org	3145741
   521  30000D  40                 	db	64
   522                           tosu	equ	0xFFF
   523                           tosh	equ	0xFFE
   524                           tosl	equ	0xFFD
   525                           stkptr	equ	0xFFC
   526                           pclatu	equ	0xFFB
   527                           pclath	equ	0xFFA
   528                           pcl	equ	0xFF9
   529                           tblptru	equ	0xFF8
   530                           tblptrh	equ	0xFF7
   531                           tblptrl	equ	0xFF6
   532                           tablat	equ	0xFF5
   533                           prodh	equ	0xFF4
   534                           prodl	equ	0xFF3
   535                           indf0	equ	0xFEF
   536                           postinc0	equ	0xFEE
   537                           postdec0	equ	0xFED
   538                           preinc0	equ	0xFEC
   539                           plusw0	equ	0xFEB
   540                           fsr0h	equ	0xFEA
   541                           fsr0l	equ	0xFE9
   542                           wreg	equ	0xFE8
   543                           indf1	equ	0xFE7
   544                           postinc1	equ	0xFE6
   545                           postdec1	equ	0xFE5
   546                           preinc1	equ	0xFE4
   547                           plusw1	equ	0xFE3
   548                           fsr1h	equ	0xFE2
   549                           fsr1l	equ	0xFE1
   550                           bsr	equ	0xFE0
   551                           indf2	equ	0xFDF
   552                           postinc2	equ	0xFDE
   553                           postdec2	equ	0xFDD
   554                           preinc2	equ	0xFDC
   555                           plusw2	equ	0xFDB
   556                           fsr2h	equ	0xFDA
   557                           fsr2l	equ	0xFD9
   558                           status	equ	0xFD8

Data Sizes:
    Strings     0
    Constant    0
    Data        0
    BSS         0
    Persistent  0
    Stack       0

Auto Spaces:
    Space          Size  Autos    Used
    COMRAM          127      8       8
    BANK0           128      0       0
    BANK1           256      0       0
    BANK2           256      0       0
    BANK3           256      0       0
    BANK4           256      0       0
    BANK5           256      0       0
    BANK6           256      0       0
    BANK7           256      0       0
    BANK8           256      0       0
    BANK9           256      0       0
    BANK10          256      0       0
    BANK11          256      0       0
    BANK12          256      0       0
    BANK13          256      0       0
    BANK14          256      0       0
    BANK15          128      0       0

Pointer List with Targets:

    None.

Critical Paths under _main in COMRAM

    _main->_delay

Critical Paths under _main in BANK0

    None.

Critical Paths under _main in BANK1

    None.

Critical Paths under _main in BANK2

    None.

Critical Paths under _main in BANK3

    None.

Critical Paths under _main in BANK4

    None.

Critical Paths under _main in BANK5

    None.

Critical Paths under _main in BANK6

    None.

Critical Paths under _main in BANK7

    None.

Critical Paths under _main in BANK8

    None.

Critical Paths under _main in BANK9

    None.

Critical Paths under _main in BANK10

    None.

Critical Paths under _main in BANK11

    None.

Critical Paths under _main in BANK12

    None.

Critical Paths under _main in BANK13

    None.

Critical Paths under _main in BANK14

    None.

Critical Paths under _main in BANK15

    None.

Call Graph Tables:

 ---------------------------------------------------------------------------------
 (Depth) Function   	        Calls       Base Space   Used Autos Params    Refs
 ---------------------------------------------------------------------------------
 (0) _main                                                 3     3      0     218
                                              5 COMRAM     3     3      0
                              _delay
 ---------------------------------------------------------------------------------
 (1) _delay                                                5     3      2     168
                                              0 COMRAM     5     3      2
 ---------------------------------------------------------------------------------
 Estimated maximum stack depth 1
 ---------------------------------------------------------------------------------

 Call Graph Graphs:

 _main (ROOT)
   _delay

 Address spaces:
Name               Size   Autos  Total    Cost      Usage
BITCOMRAM           7F      0       0       0        0.0%
EEDATA             400      0       0       0        0.0%
NULL                 0      0       0       0        0.0%
CODE                 0      0       0       0        0.0%
COMRAM              7F      8       8       1        6.3%
STACK                0      0       0       2        0.0%
DATA                 0      0       0       3        0.0%
BITBANK0            80      0       0       4        0.0%
BANK0               80      0       0       5        0.0%
BITBANK1           100      0       0       6        0.0%
BANK1              100      0       0       7        0.0%
BITBANK2           100      0       0       8        0.0%
BANK2              100      0       0       9        0.0%
BITBANK3           100      0       0      10        0.0%
BANK3              100      0       0      11        0.0%
BITBANK4           100      0       0      12        0.0%
BANK4              100      0       0      13        0.0%
BITBANK5           100      0       0      14        0.0%
BANK5              100      0       0      15        0.0%
BITBANK6           100      0       0      16        0.0%
BANK6              100      0       0      17        0.0%
BITBANK7           100      0       0      18        0.0%
BANK7              100      0       0      19        0.0%
BITBANK8           100      0       0      20        0.0%
BANK8              100      0       0      21        0.0%
BITBANK9           100      0       0      22        0.0%
BANK9              100      0       0      23        0.0%
BITBANK10          100      0       0      24        0.0%
BANK10             100      0       0      25        0.0%
BITBANK11          100      0       0      26        0.0%
BANK11             100      0       0      27        0.0%
BITBANK12          100      0       0      28        0.0%
BANK12             100      0       0      29        0.0%
BITBANK13          100      0       0      30        0.0%
BANK13             100      0       0      31        0.0%
BITBANK14          100      0       0      32        0.0%
BANK14             100      0       0      33        0.0%
BITBANK15           80      0       0      34        0.0%
BANK15              80      0       0      35        0.0%
BITBIGSFRh          3E      0       0      36        0.0%
BITBIGSFRlh         2A      0       0      37        0.0%
BITBIGSFRllhh        E      0       0      38        0.0%
BITBIGSFRllhl        1      0       0      39        0.0%
BITBIGSFRlll         1      0       0      40        0.0%
ABS                  0      0       0      41        0.0%
BIGRAM             F7F      0       0      42        0.0%
BIGSFR               0      0       0     200        0.0%
BITSFR               0      0       0     200        0.0%
SFR                  0      0       0     200        0.0%


Microchip Technology PIC18 Macro Assembler V2.36 build 20220127204148 
Symbol Table                                                                                   Mon Apr 11 13:37:51 2022

                     l25 FF24                       l28 FF5A                       l38 FFCC  
                     l39 FFE0                       u80 FF40                       u81 FF3C  
                     u90 FF5A                       u91 FF56                      l761 FF20  
                    l771 FF40                      l773 FF44                      l781 FF8C  
                    l767 FF2E                      l759 FF14                      l791 FFDA  
                    l783 FF98                      l775 FF5C                      l769 FF30  
                    l793 FFEE                      l785 FF9E                      l777 FF7C  
                    l795 FFF6                      l787 FFAC                      l779 FF80  
                    l789 FFBA                      u100 FFAC                      u101 FFA8  
                    u110 FFBA                      u111 FFB6                      u120 FFCC  
                    u121 FFC8                      u130 FFDA                      u131 FFD6  
                    u140 FFEE                      u141 FFEA              main@display 0008  
                   _main FF5C                     start 0000             ___param_bank 000000  
                  ?_main 0001                    _PORTB 000F81                    _PORTD 000F83  
                  _TRISA 000F92                    _TRISB 000F93                    _TRISC 000F94  
                  _TRISD 000F95                    _TRISE 000F96                    _delay FF14  
                  main@i 0006                    status 000FD8          __initialization FF0E  
           __end_of_main 0000                   ??_main 0006            __activetblptr 000000  
                 ?_delay 0001                   _ADCON1 000FC1                   delay@i 0003  
                 delay@j 0005                   isa$std 000001               __accesstop 0080  
__end_of__initialization FF0E            ___rparam_used 000001           __pcstackCOMRAM 0001  
          __end_of_delay FF5C                  ??_delay 0003                  __Hparam 0000  
                __Lparam 0000                  __pcinit FF0E                  __ramtop 1000  
                __ptext0 FF5C                  __ptext1 FF14                  delay@ms 0001  
   end_of_initialization FF0E                _PORTBbits 000F81      start_initialization FF0E  
               __Hrparam 0000                 __Lrparam 0000                 isa$xinst 000000  
